2024-01-03 13:26:40.333  INFO 24956 --- [main] com.book.manager.neuApplication          : Starting neuApplication on LAPTOP-5MM0RT0E with PID 24956 (E:\stsworkspace\model9\target\classes started by 陈佳慧 in E:\stsworkspace\model9)
2024-01-03 13:26:40.345  INFO 24956 --- [main] com.book.manager.neuApplication          : No active profile set, falling back to default profiles: default
2024-01-03 13:26:40.500  INFO 24956 --- [main] ConfigServletWebServerApplicationContext : Refreshing org.springframework.boot.web.servlet.context.AnnotationConfigServletWebServerApplicationContext@2473d930: startup date [Wed Jan 03 13:26:40 CST 2024]; root of context hierarchy
2024-01-03 13:26:43.363  INFO 24956 --- [main] o.s.b.w.embedded.tomcat.TomcatWebServer  : Tomcat initialized with port(s): 8091 (http)
2024-01-03 13:26:43.391  INFO 24956 --- [main] o.apache.catalina.core.StandardService   : Starting service [Tomcat]
2024-01-03 13:26:43.391  INFO 24956 --- [main] org.apache.catalina.core.StandardEngine  : Starting Servlet Engine: Apache Tomcat/8.5.29
2024-01-03 13:26:43.407  INFO 24956 --- [localhost-startStop-1] o.a.catalina.core.AprLifecycleListener   : Loaded APR based Apache Tomcat Native library [1.2.39] using APR version [1.7.4].
2024-01-03 13:26:43.407  INFO 24956 --- [localhost-startStop-1] o.a.catalina.core.AprLifecycleListener   : APR capabilities: IPv6 [true], sendfile [true], accept filters [false], random [true].
2024-01-03 13:26:43.407  INFO 24956 --- [localhost-startStop-1] o.a.catalina.core.AprLifecycleListener   : APR/OpenSSL configuration: useAprConnector [false], useOpenSSL [true]
2024-01-03 13:26:43.455  INFO 24956 --- [localhost-startStop-1] o.a.catalina.core.AprLifecycleListener   : OpenSSL successfully initialized [OpenSSL 3.0.11 19 Sep 2023]
2024-01-03 13:26:43.638  INFO 24956 --- [localhost-startStop-1] o.a.c.c.C.[Tomcat].[localhost].[/]       : Initializing Spring embedded WebApplicationContext
2024-01-03 13:26:43.639  INFO 24956 --- [localhost-startStop-1] o.s.web.context.ContextLoader            : Root WebApplicationContext: initialization completed in 3138 ms
2024-01-03 13:26:43.863  INFO 24956 --- [localhost-startStop-1] o.s.b.w.servlet.ServletRegistrationBean  : Servlet dispatcherServlet mapped to [/]
2024-01-03 13:26:43.869  INFO 24956 --- [localhost-startStop-1] o.s.b.w.servlet.ServletRegistrationBean  : Servlet statViewServlet mapped to [/druid/*]
2024-01-03 13:26:43.875  INFO 24956 --- [localhost-startStop-1] o.s.b.w.servlet.FilterRegistrationBean   : Mapping filter: 'characterEncodingFilter' to: [/*]
2024-01-03 13:26:43.876  INFO 24956 --- [localhost-startStop-1] o.s.b.w.servlet.FilterRegistrationBean   : Mapping filter: 'hiddenHttpMethodFilter' to: [/*]
2024-01-03 13:26:43.877  INFO 24956 --- [localhost-startStop-1] o.s.b.w.servlet.FilterRegistrationBean   : Mapping filter: 'httpPutFormContentFilter' to: [/*]
2024-01-03 13:26:43.878  INFO 24956 --- [localhost-startStop-1] o.s.b.w.servlet.FilterRegistrationBean   : Mapping filter: 'requestContextFilter' to: [/*]
2024-01-03 13:26:43.878  INFO 24956 --- [localhost-startStop-1] o.s.b.w.servlet.FilterRegistrationBean   : Mapping filter: 'webStatFilter' to urls: [/*]
2024-01-03 13:26:44.234  INFO 24956 --- [main] c.b.d.d.DynamicDataSourceCreator         : 动态数据源-检测到druid存在,如配置中未指定type,druid会默认配置
2024-01-03 13:26:44.363  INFO 24956 --- [main] com.alibaba.druid.pool.DruidDataSource   : {dataSource-1,a02} inited
2024-01-03 13:26:44.363  INFO 24956 --- [main] c.b.d.d.DynamicRoutingDataSource         : 初始共加载 1 个数据源
2024-01-03 13:26:44.365  INFO 24956 --- [main] c.b.d.d.DynamicRoutingDataSource         : 动态数据源-加载 a02 成功
2024-01-03 13:26:44.366  INFO 24956 --- [main] c.b.d.d.DynamicRoutingDataSource         : 当前的默认数据源是单数据源，数据源名为 a02
2024-01-03 13:26:45.099  INFO 24956 --- [main] o.s.w.s.handler.SimpleUrlHandlerMapping  : Mapped URL path [/**/favicon.ico] onto handler of type [class org.springframework.web.servlet.resource.ResourceHttpRequestHandler]
2024-01-03 13:26:45.645  INFO 24956 --- [main] s.w.s.m.m.a.RequestMappingHandlerAdapter : Looking for @ControllerAdvice: org.springframework.boot.web.servlet.context.AnnotationConfigServletWebServerApplicationContext@2473d930: startup date [Wed Jan 03 13:26:40 CST 2024]; root of context hierarchy
2024-01-03 13:26:45.824  INFO 24956 --- [main] s.w.s.m.m.a.RequestMappingHandlerMapping : Mapped "{[/updatecontroll]}" onto public com.book.manager.model.ResponseMessage com.book.manager.controller.controllController.updatecontroll(vo.ControllVo,javax.servlet.http.HttpServletRequest,org.springframework.validation.BindingResult)
2024-01-03 13:26:45.826  INFO 24956 --- [main] s.w.s.m.m.a.RequestMappingHandlerMapping : Mapped "{[/downloadcontroll]}" onto public void com.book.manager.controller.controllController.downloadcontroll(java.util.Map<java.lang.String, java.lang.Object>,javax.servlet.http.HttpServletRequest,javax.servlet.http.HttpServletResponse)
2024-01-03 13:26:45.828  INFO 24956 --- [main] s.w.s.m.m.a.RequestMappingHandlerMapping : Mapped "{[/uploadcontrollFile]}" onto public com.book.manager.model.ResponseMessage com.book.manager.controller.controllController.uploadcontrollFile(java.util.Map<java.lang.String, java.lang.Object>,javax.servlet.http.HttpServletRequest)
2024-01-03 13:26:45.829  INFO 24956 --- [main] s.w.s.m.m.a.RequestMappingHandlerMapping : Mapped "{[/uploadcontrollURL]}" onto public com.book.manager.model.ResponseMessage com.book.manager.controller.controllController.uploadcontrollURL(org.springframework.web.multipart.MultipartFile,javax.servlet.http.HttpServletRequest)
2024-01-03 13:26:45.830  INFO 24956 --- [main] s.w.s.m.m.a.RequestMappingHandlerMapping : Mapped "{[/querycontrollList]}" onto public com.book.manager.model.ResponseMessage com.book.manager.controller.controllController.querycontrollList(java.util.Map<java.lang.String, java.lang.Object>,javax.servlet.http.HttpServletRequest)
2024-01-03 13:26:45.831  INFO 24956 --- [main] s.w.s.m.m.a.RequestMappingHandlerMapping : Mapped "{[/querycontrollDetail]}" onto public com.book.manager.model.ResponseMessage com.book.manager.controller.controllController.querycontrollDetail(java.util.Map<java.lang.String, java.lang.Object>,javax.servlet.http.HttpServletRequest)
2024-01-03 13:26:45.832  INFO 24956 --- [main] s.w.s.m.m.a.RequestMappingHandlerMapping : Mapped "{[/addcontroll]}" onto public com.book.manager.model.ResponseMessage com.book.manager.controller.controllController.addcontroll(vo.ControllVo,javax.servlet.http.HttpServletRequest,org.springframework.validation.BindingResult)
2024-01-03 13:26:45.833  INFO 24956 --- [main] s.w.s.m.m.a.RequestMappingHandlerMapping : Mapped "{[/deletecontroll]}" onto public com.book.manager.model.ResponseMessage com.book.manager.controller.controllController.deletecontroll(java.util.Map<java.lang.String, java.lang.Object>,javax.servlet.http.HttpServletRequest)
2024-01-03 13:26:45.833  INFO 24956 --- [main] s.w.s.m.m.a.RequestMappingHandlerMapping : Mapped "{[/queryWorks]}" onto public com.book.manager.model.ResponseMessage com.book.manager.controller.controllController.queryWorks(java.util.Map<java.lang.String, java.lang.Object>)
2024-01-03 13:26:45.840  INFO 24956 --- [main] s.w.s.m.m.a.RequestMappingHandlerMapping : Mapped "{[/queryroomDetail]}" onto public com.book.manager.model.ResponseMessage com.book.manager.controller.roomController.queryroomDetail(java.util.Map<java.lang.String, java.lang.Object>,javax.servlet.http.HttpServletRequest)
2024-01-03 13:26:45.841  INFO 24956 --- [main] s.w.s.m.m.a.RequestMappingHandlerMapping : Mapped "{[/uploadroomFile]}" onto public com.book.manager.model.ResponseMessage com.book.manager.controller.roomController.uploadroomFile(java.util.Map<java.lang.String, java.lang.Object>,javax.servlet.http.HttpServletRequest)
2024-01-03 13:26:45.843  INFO 24956 --- [main] s.w.s.m.m.a.RequestMappingHandlerMapping : Mapped "{[/updateroom]}" onto public com.book.manager.model.ResponseMessage com.book.manager.controller.roomController.updateroom(vo.RoomVo,javax.servlet.http.HttpServletRequest,org.springframework.validation.BindingResult)
2024-01-03 13:26:45.846  INFO 24956 --- [main] s.w.s.m.m.a.RequestMappingHandlerMapping : Mapped "{[/downloadroom]}" onto public void com.book.manager.controller.roomController.downloadroom(java.util.Map<java.lang.String, java.lang.Object>,javax.servlet.http.HttpServletRequest,javax.servlet.http.HttpServletResponse)
2024-01-03 13:26:45.848  INFO 24956 --- [main] s.w.s.m.m.a.RequestMappingHandlerMapping : Mapped "{[/uploadroomURL]}" onto public com.book.manager.model.ResponseMessage com.book.manager.controller.roomController.uploadroomURL(org.springframework.web.multipart.MultipartFile,javax.servlet.http.HttpServletRequest)
2024-01-03 13:26:45.849  INFO 24956 --- [main] s.w.s.m.m.a.RequestMappingHandlerMapping : Mapped "{[/deleteroom]}" onto public com.book.manager.model.ResponseMessage com.book.manager.controller.roomController.deleteroom(java.util.Map<java.lang.String, java.lang.Object>,javax.servlet.http.HttpServletRequest)
2024-01-03 13:26:45.850  INFO 24956 --- [main] s.w.s.m.m.a.RequestMappingHandlerMapping : Mapped "{[/queryroomList]}" onto public com.book.manager.model.ResponseMessage com.book.manager.controller.roomController.queryroomList(java.util.Map<java.lang.String, java.lang.Object>,javax.servlet.http.HttpServletRequest)
2024-01-03 13:26:45.851  INFO 24956 --- [main] s.w.s.m.m.a.RequestMappingHandlerMapping : Mapped "{[/addroom]}" onto public com.book.manager.model.ResponseMessage com.book.manager.controller.roomController.addroom(vo.RoomVo,javax.servlet.http.HttpServletRequest,org.springframework.validation.BindingResult)
2024-01-03 13:26:45.853  INFO 24956 --- [main] s.w.s.m.m.a.RequestMappingHandlerMapping : Mapped "{[/deletesensor]}" onto public com.book.manager.model.ResponseMessage com.book.manager.controller.sensorController.deletesensor(java.util.Map<java.lang.String, java.lang.Object>,javax.servlet.http.HttpServletRequest)
2024-01-03 13:26:45.854  INFO 24956 --- [main] s.w.s.m.m.a.RequestMappingHandlerMapping : Mapped "{[/updatesensor]}" onto public com.book.manager.model.ResponseMessage com.book.manager.controller.sensorController.updatesensor(vo.SensorVo,javax.servlet.http.HttpServletRequest,org.springframework.validation.BindingResult)
2024-01-03 13:26:45.855  INFO 24956 --- [main] s.w.s.m.m.a.RequestMappingHandlerMapping : Mapped "{[/addsensor]}" onto public com.book.manager.model.ResponseMessage com.book.manager.controller.sensorController.addsensor(vo.SensorVo,javax.servlet.http.HttpServletRequest,org.springframework.validation.BindingResult)
2024-01-03 13:26:45.856  INFO 24956 --- [main] s.w.s.m.m.a.RequestMappingHandlerMapping : Mapped "{[/uploadsensorFile]}" onto public com.book.manager.model.ResponseMessage com.book.manager.controller.sensorController.uploadsensorFile(java.util.Map<java.lang.String, java.lang.Object>,javax.servlet.http.HttpServletRequest)
2024-01-03 13:26:45.857  INFO 24956 --- [main] s.w.s.m.m.a.RequestMappingHandlerMapping : Mapped "{[/querysensorList]}" onto public com.book.manager.model.ResponseMessage com.book.manager.controller.sensorController.querysensorList(java.util.Map<java.lang.String, java.lang.Object>,javax.servlet.http.HttpServletRequest)
2024-01-03 13:26:45.858  INFO 24956 --- [main] s.w.s.m.m.a.RequestMappingHandlerMapping : Mapped "{[/uploadsensorURL]}" onto public com.book.manager.model.ResponseMessage com.book.manager.controller.sensorController.uploadsensorURL(org.springframework.web.multipart.MultipartFile,javax.servlet.http.HttpServletRequest)
2024-01-03 13:26:45.860  INFO 24956 --- [main] s.w.s.m.m.a.RequestMappingHandlerMapping : Mapped "{[/downloadsensor]}" onto public void com.book.manager.controller.sensorController.downloadsensor(java.util.Map<java.lang.String, java.lang.Object>,javax.servlet.http.HttpServletRequest,javax.servlet.http.HttpServletResponse)
2024-01-03 13:26:45.861  INFO 24956 --- [main] s.w.s.m.m.a.RequestMappingHandlerMapping : Mapped "{[/querysensorDetail]}" onto public com.book.manager.model.ResponseMessage com.book.manager.controller.sensorController.querysensorDetail(java.util.Map<java.lang.String, java.lang.Object>,javax.servlet.http.HttpServletRequest)
2024-01-03 13:26:45.865  INFO 24956 --- [main] s.w.s.m.m.a.RequestMappingHandlerMapping : Mapped "{[/updateuserinfo]}" onto public com.book.manager.model.ResponseMessage com.book.manager.controller.userinfoController.updateuserinfo(vo.UserinfoVo,javax.servlet.http.HttpServletRequest)
2024-01-03 13:26:45.866  INFO 24956 --- [main] s.w.s.m.m.a.RequestMappingHandlerMapping : Mapped "{[/login]}" onto public com.book.manager.model.ResponseMessage com.book.manager.controller.userinfoController.Login(java.util.Map<java.lang.String, java.lang.Object>)
2024-01-03 13:26:45.867  INFO 24956 --- [main] s.w.s.m.m.a.RequestMappingHandlerMapping : Mapped "{[/downloaduserinfo]}" onto public void com.book.manager.controller.userinfoController.downloaduserinfo(java.util.Map<java.lang.String, java.lang.Object>,javax.servlet.http.HttpServletRequest,javax.servlet.http.HttpServletResponse)
2024-01-03 13:26:45.868  INFO 24956 --- [main] s.w.s.m.m.a.RequestMappingHandlerMapping : Mapped "{[/adduserinfo]}" onto public com.book.manager.model.ResponseMessage com.book.manager.controller.userinfoController.adduserinfo(vo.UserinfoVo,javax.servlet.http.HttpServletRequest,org.springframework.validation.BindingResult)
2024-01-03 13:26:45.869  INFO 24956 --- [main] s.w.s.m.m.a.RequestMappingHandlerMapping : Mapped "{[/deleteuserinfo]}" onto public com.book.manager.model.ResponseMessage com.book.manager.controller.userinfoController.deleteuserinfo(java.util.Map<java.lang.String, java.lang.Object>,javax.servlet.http.HttpServletRequest)
2024-01-03 13:26:45.870  INFO 24956 --- [main] s.w.s.m.m.a.RequestMappingHandlerMapping : Mapped "{[/uploaduserinfoFile]}" onto public com.book.manager.model.ResponseMessage com.book.manager.controller.userinfoController.uploaduserinfoFile(java.util.Map<java.lang.String, java.lang.Object>,javax.servlet.http.HttpServletRequest)
2024-01-03 13:26:45.871  INFO 24956 --- [main] s.w.s.m.m.a.RequestMappingHandlerMapping : Mapped "{[/queryuserinfoList]}" onto public com.book.manager.model.ResponseMessage com.book.manager.controller.userinfoController.queryuserinfoList(java.util.Map<java.lang.String, java.lang.Object>,javax.servlet.http.HttpServletRequest)
2024-01-03 13:26:45.872  INFO 24956 --- [main] s.w.s.m.m.a.RequestMappingHandlerMapping : Mapped "{[/uploaduserinfoURL]}" onto public com.book.manager.model.ResponseMessage com.book.manager.controller.userinfoController.uploaduserinfoURL(org.springframework.web.multipart.MultipartFile,javax.servlet.http.HttpServletRequest)
2024-01-03 13:26:45.873  INFO 24956 --- [main] s.w.s.m.m.a.RequestMappingHandlerMapping : Mapped "{[/queryuserinfoDetail]}" onto public com.book.manager.model.ResponseMessage com.book.manager.controller.userinfoController.queryuserinfoDetail(java.util.Map<java.lang.String, java.lang.Object>,javax.servlet.http.HttpServletRequest)
2024-01-03 13:26:45.880  INFO 24956 --- [main] s.w.s.m.m.a.RequestMappingHandlerMapping : Mapped "{[/error]}" onto public org.springframework.http.ResponseEntity<java.util.Map<java.lang.String, java.lang.Object>> org.springframework.boot.autoconfigure.web.servlet.error.BasicErrorController.error(javax.servlet.http.HttpServletRequest)
2024-01-03 13:26:45.882  INFO 24956 --- [main] s.w.s.m.m.a.RequestMappingHandlerMapping : Mapped "{[/error],produces=[text/html]}" onto public org.springframework.web.servlet.ModelAndView org.springframework.boot.autoconfigure.web.servlet.error.BasicErrorController.errorHtml(javax.servlet.http.HttpServletRequest,javax.servlet.http.HttpServletResponse)
2024-01-03 13:26:45.974  INFO 24956 --- [main] o.s.w.s.handler.SimpleUrlHandlerMapping  : Mapped URL path [/webjars/**] onto handler of type [class org.springframework.web.servlet.resource.ResourceHttpRequestHandler]
2024-01-03 13:26:45.975  INFO 24956 --- [main] o.s.w.s.handler.SimpleUrlHandlerMapping  : Mapped URL path [/**] onto handler of type [class org.springframework.web.servlet.resource.ResourceHttpRequestHandler]
2024-01-03 13:26:46.649  INFO 24956 --- [main] o.s.j.e.a.AnnotationMBeanExporter        : Registering beans for JMX exposure on startup
2024-01-03 13:26:46.653  INFO 24956 --- [main] o.s.j.e.a.AnnotationMBeanExporter        : Bean with name 'statFilter' has been autodetected for JMX exposure
2024-01-03 13:26:46.663  INFO 24956 --- [main] o.s.j.e.a.AnnotationMBeanExporter        : Located MBean 'statFilter': registering with JMX server as MBean [com.alibaba.druid.filter.stat:name=statFilter,type=StatFilter]
2024-01-03 13:26:46.788  INFO 24956 --- [main] o.s.b.w.embedded.tomcat.TomcatWebServer  : Tomcat started on port(s): 8091 (http) with context path ''
2024-01-03 13:26:46.808  INFO 24956 --- [main] com.book.manager.neuApplication          : Started neuApplication in 7.053 seconds (JVM running for 8.122)
2024-01-03 13:27:02.609  INFO 24956 --- [http-nio-8091-exec-1] o.a.c.c.C.[Tomcat].[localhost].[/]       : Initializing Spring FrameworkServlet 'dispatcherServlet'
2024-01-03 13:27:02.609  INFO 24956 --- [http-nio-8091-exec-1] o.s.web.servlet.DispatcherServlet        : FrameworkServlet 'dispatcherServlet': initialization started
2024-01-03 13:27:02.635  INFO 24956 --- [http-nio-8091-exec-1] o.s.web.servlet.DispatcherServlet        : FrameworkServlet 'dispatcherServlet': initialization completed in 26 ms
